<?xml version="1.0" encoding="UTF-8"?>
<!-- Generated by org.testng.reporters.JUnitXMLReporter -->
<testsuite hostname="DESKTOP-33D7QM7" ignored="0" name="TestNGExpedia" tests="1" failures="1" timestamp="18 Nov 2019 00:46:25 GMT" time="87.926" errors="0">
  <testcase name="Validate_FlightBooking" time="78.747" classname="bookFlights.Verify_FlightBooking_Functionality">
    <failure type="org.openqa.selenium.NoSuchElementException" message="Cannot locate option with value: 5712908866
For documentation on this error, please visit: https://www.seleniumhq.org/exceptions/no_such_element.html
Build info: version: &amp;apos;3.141.59&amp;apos;, revision: &amp;apos;e82be7d358&amp;apos;, time: &amp;apos;2018-11-14T08:17:03&amp;apos;
System info: host: &amp;apos;DESKTOP-33D7QM7&amp;apos;, ip: &amp;apos;192.168.253.1&amp;apos;, os.name: &amp;apos;Windows 10&amp;apos;, os.arch: &amp;apos;amd64&amp;apos;, os.version: &amp;apos;10.0&amp;apos;, java.version: &amp;apos;1.8.0_231&amp;apos;
Driver info: driver.version: unknown">
      <![CDATA[org.openqa.selenium.NoSuchElementException: Cannot locate option with value: 5712908866
For documentation on this error, please visit: https://www.seleniumhq.org/exceptions/no_such_element.html
Build info: version: '3.141.59', revision: 'e82be7d358', time: '2018-11-14T08:17:03'
System info: host: 'DESKTOP-33D7QM7', ip: '192.168.253.1', os.name: 'Windows 10', os.arch: 'amd64', os.version: '10.0', java.version: '1.8.0_231'
Driver info: driver.version: unknown
at org.openqa.selenium.support.ui.Select.findOptionsByValue(Select.java:283)
at org.openqa.selenium.support.ui.Select.selectByValue(Select.java:186)
at pageActions.PassengerInfo.Select_Passport(PassengerInfo.java:86)
at bookFlights.Verify_FlightBooking_Functionality.Validate_FlightBooking(Verify_FlightBooking_Functionality.java:101)
... Removed 25 stack frames]]>
    </failure>
  </testcase> <!-- Validate_FlightBooking -->
</testsuite> <!-- TestNGExpedia -->
